# JRE version: OpenJDK Runtime Environment (17.0.6) (build 17.0.6+0-b2043.56-10027231)
# Java VM: OpenJDK 64-Bit Server VM (17.0.6+0-b2043.56-10027231, mixed mode, tiered, compressed oops, compressed class ptrs, g1 gc, windows-amd64)
GC Precious Log:
 CPUs: 12 total, 12 available
 Memory: 15733M
 Large Page Support: Disabled
 NUMA Support: Disabled
 Compressed Oops: Enabled (32-bit)
 Heap Region Size: 1M
 Heap Min Capacity: 8M
 Heap Initial Capacity: 246M
 Heap Max Capacity: 2G
 Pre-touch: Disabled
 Parallel Workers: 10
 Concurrent Workers: 3
 Concurrent Refinement Workers: 10
 Periodic GC: Disabled
Heap:
 garbage-first heap   total 363520K, used 212649K [0x0000000080000000, 0x0000000100000000)
  region size 1024K, 6 young (6144K), 6 survivors (6144K)
 Metaspace       used 176712K, committed 178880K, reserved 1204224K
  class space    used 24025K, committed 25088K, reserved 1048576K
GC Heap History (20 events):
Event: 5257.921 GC heap after
{Heap after GC invocations=101 (full 1):
 garbage-first heap   total 345088K, used 122025K [0x0000000080000000, 0x0000000100000000)
  region size 1024K, 2 young (2048K), 2 survivors (2048K)
 Metaspace       used 171224K, committed 173504K, reserved 1204224K
  class space    used 23201K, committed 24384K, reserved 1048576K
}
Event: 5259.907 GC heap before
{Heap before GC invocations=101 (full 1):
 garbage-first heap   total 345088K, used 201897K [0x0000000080000000, 0x0000000100000000)
  region size 1024K, 82 young (83968K), 2 survivors (2048K)
 Metaspace       used 171278K, committed 173568K, reserved 1204224K
  class space    used 23201K, committed 24384K, reserved 1048576K
}
Event: 5259.913 GC heap after
{Heap after GC invocations=102 (full 1):
 garbage-first heap   total 345088K, used 126996K [0x0000000080000000, 0x0000000100000000)
  region size 1024K, 7 young (7168K), 7 survivors (7168K)
 Metaspace       used 171278K, committed 173568K, reserved 1204224K
  class space    used 23201K, committed 24384K, reserved 1048576K
}
Event: 5453.198 GC heap before
{Heap before GC invocations=103 (full 1):
 garbage-first heap   total 345088K, used 318484K [0x0000000080000000, 0x0000000100000000)
  region size 1024K, 136 young (139264K), 7 survivors (7168K)
 Metaspace       used 175768K, committed 177984K, reserved 1204224K
  class space    used 23894K, committed 24960K, reserved 1048576K
}
Event: 5453.216 GC heap after
{Heap after GC invocations=104 (full 1):
 garbage-first heap   total 349184K, used 192578K [0x0000000080000000, 0x0000000100000000)
  region size 1024K, 19 young (19456K), 19 survivors (19456K)
 Metaspace       used 175768K, committed 177984K, reserved 1204224K
  class space    used 23894K, committed 24960K, reserved 1048576K
}
Event: 5453.220 GC heap before
{Heap before GC invocations=104 (full 1):
 garbage-first heap   total 349184K, used 193602K [0x0000000080000000, 0x0000000100000000)
  region size 1024K, 20 young (20480K), 19 survivors (19456K)
 Metaspace       used 175770K, committed 177984K, reserved 1204224K
  class space    used 23894K, committed 24960K, reserved 1048576K
}
Event: 5453.232 GC heap after
{Heap after GC invocations=105 (full 1):
 garbage-first heap   total 349184K, used 192519K [0x0000000080000000, 0x0000000100000000)
  region size 1024K, 2 young (2048K), 2 survivors (2048K)
 Metaspace       used 175770K, committed 177984K, reserved 1204224K
  class space    used 23894K, committed 24960K, reserved 1048576K
}
Event: 5453.574 GC heap before
{Heap before GC invocations=105 (full 1):
 garbage-first heap   total 349184K, used 210951K [0x0000000080000000, 0x0000000100000000)
  region size 1024K, 22 young (22528K), 2 survivors (2048K)
 Metaspace       used 176711K, committed 178880K, reserved 1204224K
  class space    used 24025K, committed 25088K, reserved 1048576K
}
Event: 5453.579 GC heap after
{Heap after GC invocations=106 (full 1):
 garbage-first heap   total 349184K, used 192962K [0x0000000080000000, 0x0000000100000000)
  region size 1024K, 2 young (2048K), 2 survivors (2048K)
 Metaspace       used 176711K, committed 178880K, reserved 1204224K
  class space    used 24025K, committed 25088K, reserved 1048576K
}
Event: 5454.691 GC heap before
{Heap before GC invocations=107 (full 1):
 garbage-first heap   total 363520K, used 288194K [0x0000000080000000, 0x0000000100000000)
  region size 1024K, 94 young (96256K), 2 survivors (2048K)
 Metaspace       used 176711K, committed 178880K, reserved 1204224K
  class space    used 24025K, committed 25088K, reserved 1048576K
}
Event: 5454.703 GC heap after
{Heap after GC invocations=108 (full 1):
 garbage-first heap   total 363520K, used 211791K [0x0000000080000000, 0x0000000100000000)
  region size 1024K, 12 young (12288K), 12 survivors (12288K)
 Metaspace       used 176711K, committed 178880K, reserved 1204224K
  class space    used 24025K, committed 25088K, reserved 1048576K
}
Event: 5454.739 GC heap before
{Heap before GC invocations=108 (full 1):
 garbage-first heap   total 363520K, used 215887K [0x0000000080000000, 0x0000000100000000)
  region size 1024K, 17 young (17408K), 12 survivors (12288K)
 Metaspace       used 176711K, committed 178880K, reserved 1204224K
  class space    used 24025K, committed 25088K, reserved 1048576K
}
Event: 5454.745 GC heap after
{Heap after GC invocations=109 (full 1):
 garbage-first heap   total 363520K, used 208311K [0x0000000080000000, 0x0000000100000000)
  region size 1024K, 3 young (3072K), 3 survivors (3072K)
 Metaspace       used 176711K, committed 178880K, reserved 1204224K
  class space    used 24025K, committed 25088K, reserved 1048576K
}
Event: 5455.585 GC heap before
{Heap before GC invocations=109 (full 1):
 garbage-first heap   total 363520K, used 291255K [0x0000000080000000, 0x0000000100000000)
  region size 1024K, 84 young (86016K), 3 survivors (3072K)
 Metaspace       used 176711K, committed 178880K, reserved 1204224K
  class space    used 24025K, committed 25088K, reserved 1048576K
}
Event: 5455.589 GC heap after
{Heap after GC invocations=110 (full 1):
 garbage-first heap   total 363520K, used 211359K [0x0000000080000000, 0x0000000100000000)
  region size 1024K, 6 young (6144K), 6 survivors (6144K)
 Metaspace       used 176711K, committed 178880K, reserved 1204224K
  class space    used 24025K, committed 25088K, reserved 1048576K
}
Event: 5457.601 GC heap before
{Heap before GC invocations=111 (full 1):
 garbage-first heap   total 363520K, used 294303K [0x0000000080000000, 0x0000000100000000)
  region size 1024K, 87 young (89088K), 6 survivors (6144K)
 Metaspace       used 176712K, committed 178880K, reserved 1204224K
  class space    used 24025K, committed 25088K, reserved 1048576K
}
Event: 5457.607 GC heap after
{Heap after GC invocations=112 (full 1):
 garbage-first heap   total 363520K, used 213969K [0x0000000080000000, 0x0000000100000000)
  region size 1024K, 8 young (8192K), 8 survivors (8192K)
 Metaspace       used 176712K, committed 178880K, reserved 1204224K
  class space    used 24025K, committed 25088K, reserved 1048576K
}
Event: 5457.768 GC heap before
{Heap before GC invocations=112 (full 1):
 garbage-first heap   total 363520K, used 223185K [0x0000000080000000, 0x0000000100000000)
  region size 1024K, 17 young (17408K), 8 survivors (8192K)
 Metaspace       used 176712K, committed 178880K, reserved 1204224K
  class space    used 24025K, committed 25088K, reserved 1048576K
}
Event: 5457.773 GC heap after
{Heap after GC invocations=113 (full 1):
 garbage-first heap   total 363520K, used 210280K [0x0000000080000000, 0x0000000100000000)
  region size 1024K, 3 young (3072K), 3 survivors (3072K)
 Metaspace       used 176712K, committed 178880K, reserved 1204224K
  class space    used 24025K, committed 25088K, reserved 1048576K
}
Event: 5459.029 GC heap before
{Heap before GC invocations=113 (full 1):
 garbage-first heap   total 363520K, used 296296K [0x0000000080000000, 0x0000000100000000)
  region size 1024K, 87 young (89088K), 3 survivors (3072K)
 Metaspace       used 176712K, committed 178880K, reserved 1204224K
  class space    used 24025K, committed 25088K, reserved 1048576K
}

