# JRE version: OpenJDK Runtime Environment (17.0.6) (build 17.0.6+0-b2043.56-10027231)
# Java VM: OpenJDK 64-Bit Server VM (17.0.6+0-b2043.56-10027231, mixed mode, tiered, compressed oops, compressed class ptrs, g1 gc, windows-amd64)
GC Precious Log:
 CPUs: 12 total, 12 available
 Memory: 15733M
 Large Page Support: Disabled
 NUMA Support: Disabled
 Compressed Oops: Enabled (32-bit)
 Heap Region Size: 1M
 Heap Min Capacity: 8M
 Heap Initial Capacity: 246M
 Heap Max Capacity: 2G
 Pre-touch: Disabled
 Parallel Workers: 10
 Concurrent Workers: 3
 Concurrent Refinement Workers: 10
 Periodic GC: Disabled
Heap:
 garbage-first heap   total 418816K, used 237972K [0x0000000080000000, 0x0000000100000000)
  region size 1024K, 9 young (9216K), 9 survivors (9216K)
 Metaspace       used 156966K, committed 159360K, reserved 1187840K
  class space    used 21312K, committed 22464K, reserved 1048576K
GC Heap History (20 events):
Event: 2929.296 GC heap after
{Heap after GC invocations=100 (full 0):
 garbage-first heap   total 390144K, used 211888K [0x0000000080000000, 0x0000000100000000)
  region size 1024K, 2 young (2048K), 2 survivors (2048K)
 Metaspace       used 146537K, committed 148800K, reserved 1179648K
  class space    used 20072K, committed 21184K, reserved 1048576K
}
Event: 2930.405 GC heap before
{Heap before GC invocations=100 (full 0):
 garbage-first heap   total 390144K, used 308144K [0x0000000080000000, 0x0000000100000000)
  region size 1024K, 97 young (99328K), 2 survivors (2048K)
 Metaspace       used 146537K, committed 148800K, reserved 1179648K
  class space    used 20072K, committed 21184K, reserved 1048576K
}
Event: 2930.413 GC heap after
{Heap after GC invocations=101 (full 0):
 garbage-first heap   total 390144K, used 224172K [0x0000000080000000, 0x0000000100000000)
  region size 1024K, 13 young (13312K), 13 survivors (13312K)
 Metaspace       used 146537K, committed 148800K, reserved 1179648K
  class space    used 20072K, committed 21184K, reserved 1048576K
}
Event: 2932.075 GC heap before
{Heap before GC invocations=102 (full 0):
 garbage-first heap   total 390144K, used 309164K [0x0000000080000000, 0x0000000100000000)
  region size 1024K, 100 young (102400K), 13 survivors (13312K)
 Metaspace       used 146538K, committed 148800K, reserved 1179648K
  class space    used 20072K, committed 21184K, reserved 1048576K
}
Event: 2932.082 GC heap after
{Heap after GC invocations=103 (full 0):
 garbage-first heap   total 390144K, used 224206K [0x0000000080000000, 0x0000000100000000)
  region size 1024K, 6 young (6144K), 6 survivors (6144K)
 Metaspace       used 146538K, committed 148800K, reserved 1179648K
  class space    used 20072K, committed 21184K, reserved 1048576K
}
Event: 2932.316 GC heap before
{Heap before GC invocations=103 (full 0):
 garbage-first heap   total 390144K, used 237518K [0x0000000080000000, 0x0000000100000000)
  region size 1024K, 19 young (19456K), 6 survivors (6144K)
 Metaspace       used 146538K, committed 148800K, reserved 1179648K
  class space    used 20072K, committed 21184K, reserved 1048576K
}
Event: 2932.323 GC heap after
{Heap after GC invocations=104 (full 0):
 garbage-first heap   total 390144K, used 213789K [0x0000000080000000, 0x0000000100000000)
  region size 1024K, 3 young (3072K), 3 survivors (3072K)
 Metaspace       used 146538K, committed 148800K, reserved 1179648K
  class space    used 20072K, committed 21184K, reserved 1048576K
}
Event: 2936.566 GC heap before
{Heap before GC invocations=104 (full 0):
 garbage-first heap   total 390144K, used 312093K [0x0000000080000000, 0x0000000100000000)
  region size 1024K, 99 young (101376K), 3 survivors (3072K)
 Metaspace       used 146538K, committed 148800K, reserved 1179648K
  class space    used 20072K, committed 21184K, reserved 1048576K
}
Event: 2936.572 GC heap after
{Heap after GC invocations=105 (full 0):
 garbage-first heap   total 390144K, used 217084K [0x0000000080000000, 0x0000000100000000)
  region size 1024K, 6 young (6144K), 6 survivors (6144K)
 Metaspace       used 146538K, committed 148800K, reserved 1179648K
  class space    used 20072K, committed 21184K, reserved 1048576K
}
Event: 2937.977 GC heap before
{Heap before GC invocations=106 (full 0):
 garbage-first heap   total 390144K, used 316412K [0x0000000080000000, 0x0000000100000000)
  region size 1024K, 103 young (105472K), 6 survivors (6144K)
 Metaspace       used 146538K, committed 148800K, reserved 1179648K
  class space    used 20072K, committed 21184K, reserved 1048576K
}
Event: 2937.983 GC heap after
{Heap after GC invocations=107 (full 0):
 garbage-first heap   total 390144K, used 220600K [0x0000000080000000, 0x0000000100000000)
  region size 1024K, 10 young (10240K), 10 survivors (10240K)
 Metaspace       used 146538K, committed 148800K, reserved 1179648K
  class space    used 20072K, committed 21184K, reserved 1048576K
}
Event: 2938.078 GC heap before
{Heap before GC invocations=107 (full 0):
 garbage-first heap   total 390144K, used 229816K [0x0000000080000000, 0x0000000100000000)
  region size 1024K, 19 young (19456K), 10 survivors (10240K)
 Metaspace       used 146538K, committed 148800K, reserved 1179648K
  class space    used 20072K, committed 21184K, reserved 1048576K
}
Event: 2938.087 GC heap after
{Heap after GC invocations=108 (full 0):
 garbage-first heap   total 390144K, used 217658K [0x0000000080000000, 0x0000000100000000)
  region size 1024K, 3 young (3072K), 3 survivors (3072K)
 Metaspace       used 146538K, committed 148800K, reserved 1179648K
  class space    used 20072K, committed 21184K, reserved 1048576K
}
Event: 2938.194 GC heap before
{Heap before GC invocations=108 (full 0):
 garbage-first heap   total 390144K, used 224826K [0x0000000080000000, 0x0000000100000000)
  region size 1024K, 11 young (11264K), 3 survivors (3072K)
 Metaspace       used 146538K, committed 148800K, reserved 1179648K
  class space    used 20072K, committed 21184K, reserved 1048576K
}
Event: 2938.198 GC heap after
{Heap after GC invocations=109 (full 0):
 garbage-first heap   total 390144K, used 217464K [0x0000000080000000, 0x0000000100000000)
  region size 1024K, 3 young (3072K), 3 survivors (3072K)
 Metaspace       used 146538K, committed 148800K, reserved 1179648K
  class space    used 20072K, committed 21184K, reserved 1048576K
}
Event: 2939.534 GC heap before
{Heap before GC invocations=110 (full 0):
 garbage-first heap   total 418816K, used 329080K [0x0000000080000000, 0x0000000100000000)
  region size 1024K, 96 young (98304K), 3 survivors (3072K)
 Metaspace       used 152489K, committed 154752K, reserved 1187840K
  class space    used 20719K, committed 21824K, reserved 1048576K
}
Event: 2939.548 GC heap after
{Heap after GC invocations=111 (full 0):
 garbage-first heap   total 418816K, used 230773K [0x0000000080000000, 0x0000000100000000)
  region size 1024K, 12 young (12288K), 12 survivors (12288K)
 Metaspace       used 152489K, committed 154752K, reserved 1187840K
  class space    used 20719K, committed 21824K, reserved 1048576K
}
Event: 2939.633 GC heap before
{Heap before GC invocations=111 (full 0):
 garbage-first heap   total 418816K, used 238965K [0x0000000080000000, 0x0000000100000000)
  region size 1024K, 20 young (20480K), 12 survivors (12288K)
 Metaspace       used 152932K, committed 155200K, reserved 1187840K
  class space    used 20770K, committed 21888K, reserved 1048576K
}
Event: 2939.645 GC heap after
{Heap after GC invocations=112 (full 0):
 garbage-first heap   total 418816K, used 231812K [0x0000000080000000, 0x0000000100000000)
  region size 1024K, 3 young (3072K), 3 survivors (3072K)
 Metaspace       used 152932K, committed 155200K, reserved 1187840K
  class space    used 20770K, committed 21888K, reserved 1048576K
}
Event: 3240.551 GC heap before
{Heap before GC invocations=112 (full 0):
 garbage-first heap   total 418816K, used 332164K [0x0000000080000000, 0x0000000100000000)
  region size 1024K, 102 young (104448K), 3 survivors (3072K)
 Metaspace       used 156966K, committed 159360K, reserved 1187840K
  class space    used 21312K, committed 22464K, reserved 1048576K
}

